# JRE version: Java(TM) SE Runtime Environment (8.0_131-b11) (build 1.8.0_131-b11)
# Java VM: Java HotSpot(TM) 64-Bit Server VM (25.131-b11 mixed mode linux-amd64 compressed oops)
Heap:
 PSYoungGen      total 254464K, used 38512K [0x00000000d7b00000, 0x00000000e7e00000, 0x0000000100000000)
  eden space 248320K, 15% used [0x00000000d7b00000,0x00000000da09c2a0,0x00000000e6d80000)
  from space 6144K, 0% used [0x00000000e7500000,0x00000000e7500000,0x00000000e7b00000)
  to   space 7680K, 0% used [0x00000000e6d80000,0x00000000e6d80000,0x00000000e7500000)
 ParOldGen       total 48128K, used 8621K [0x0000000087000000, 0x0000000089f00000, 0x00000000d7b00000)
  object space 48128K, 17% used [0x0000000087000000,0x000000008786b430,0x0000000089f00000)
 Metaspace       used 22312K, capacity 23584K, committed 23808K, reserved 1069056K
  class space    used 3182K, capacity 3464K, committed 3584K, reserved 1048576K
GC Heap History (10 events):
Event: 1.330 GC heap before
{Heap before GC invocations=3 (full 0):
 PSYoungGen      total 67584K, used 66658K [0x00000000d7b00000, 0x00000000dc200000, 0x0000000100000000)
  eden space 62464K, 99% used [0x00000000d7b00000,0x00000000db7ebb00,0x00000000db800000)
  from space 5120K, 83% used [0x00000000dbd00000,0x00000000dc12cf78,0x00000000dc200000)
  to   space 5120K, 0% used [0x00000000db800000,0x00000000db800000,0x00000000dbd00000)
 ParOldGen       total 83456K, used 16K [0x0000000087000000, 0x000000008c180000, 0x00000000d7b00000)
  object space 83456K, 0% used [0x0000000087000000,0x0000000087004000,0x000000008c180000)
 Metaspace       used 14455K, capacity 15146K, committed 15360K, reserved 1062912K
  class space    used 2052K, capacity 2259K, committed 2304K, reserved 1048576K
Event: 1.339 GC heap after
Heap after GC invocations=3 (full 0):
 PSYoungGen      total 67584K, used 4437K [0x00000000d7b00000, 0x00000000dff00000, 0x0000000100000000)
  eden space 62464K, 0% used [0x00000000d7b00000,0x00000000d7b00000,0x00000000db800000)
  from space 5120K, 86% used [0x00000000db800000,0x00000000dbc557f0,0x00000000dbd00000)
  to   space 5120K, 0% used [0x00000000dfa00000,0x00000000dfa00000,0x00000000dff00000)
 ParOldGen       total 83456K, used 24K [0x0000000087000000, 0x000000008c180000, 0x00000000d7b00000)
  object space 83456K, 0% used [0x0000000087000000,0x0000000087006000,0x000000008c180000)
 Metaspace       used 14455K, capacity 15146K, committed 15360K, reserved 1062912K
  class space    used 2052K, capacity 2259K, committed 2304K, reserved 1048576K
}
Event: 1.394 GC heap before
{Heap before GC invocations=4 (full 0):
 PSYoungGen      total 67584K, used 66764K [0x00000000d7b00000, 0x00000000dff00000, 0x0000000100000000)
  eden space 62464K, 99% used [0x00000000d7b00000,0x00000000db7dd958,0x00000000db800000)
  from space 5120K, 86% used [0x00000000db800000,0x00000000dbc557f0,0x00000000dbd00000)
  to   space 5120K, 0% used [0x00000000dfa00000,0x00000000dfa00000,0x00000000dff00000)
 ParOldGen       total 83456K, used 24K [0x0000000087000000, 0x000000008c180000, 0x00000000d7b00000)
  object space 83456K, 0% used [0x0000000087000000,0x0000000087006000,0x000000008c180000)
 Metaspace       used 14532K, capacity 15210K, committed 15360K, reserved 1062912K
  class space    used 2069K, capacity 2259K, committed 2304K, reserved 1048576K
Event: 1.415 GC heap after
Heap after GC invocations=4 (full 0):
 PSYoungGen      total 130048K, used 4632K [0x00000000d7b00000, 0x00000000dff00000, 0x0000000100000000)
  eden space 124928K, 0% used [0x00000000d7b00000,0x00000000d7b00000,0x00000000df500000)
  from space 5120K, 90% used [0x00000000dfa00000,0x00000000dfe86058,0x00000000dff00000)
  to   space 5120K, 0% used [0x00000000df500000,0x00000000df500000,0x00000000dfa00000)
 ParOldGen       total 83456K, used 32K [0x0000000087000000, 0x000000008c180000, 0x00000000d7b00000)
  object space 83456K, 0% used [0x0000000087000000,0x0000000087008000,0x000000008c180000)
 Metaspace       used 14532K, capacity 15210K, committed 15360K, reserved 1062912K
  class space    used 2069K, capacity 2259K, committed 2304K, reserved 1048576K
}
Event: 1.811 GC heap before
{Heap before GC invocations=5 (full 0):
 PSYoungGen      total 130048K, used 129560K [0x00000000d7b00000, 0x00000000dff00000, 0x0000000100000000)
  eden space 124928K, 100% used [0x00000000d7b00000,0x00000000df500000,0x00000000df500000)
  from space 5120K, 90% used [0x00000000dfa00000,0x00000000dfe86058,0x00000000dff00000)
  to   space 5120K, 0% used [0x00000000df500000,0x00000000df500000,0x00000000dfa00000)
 ParOldGen       total 83456K, used 32K [0x0000000087000000, 0x000000008c180000, 0x00000000d7b00000)
  object space 83456K, 0% used [0x0000000087000000,0x0000000087008000,0x000000008c180000)
 Metaspace       used 17234K, capacity 18156K, committed 18176K, reserved 1064960K
  class space    used 2587K, capacity 2814K, committed 2816K, reserved 1048576K
Event: 1.820 GC heap after
Heap after GC invocations=5 (full 0):
 PSYoungGen      total 130048K, used 5112K [0x00000000d7b00000, 0x00000000e7b00000, 0x0000000100000000)
  eden space 124928K, 0% used [0x00000000d7b00000,0x00000000d7b00000,0x00000000df500000)
  from space 5120K, 99% used [0x00000000df500000,0x00000000df9fe248,0x00000000dfa00000)
  to   space 6144K, 0% used [0x00000000e7500000,0x00000000e7500000,0x00000000e7b00000)
 ParOldGen       total 83456K, used 688K [0x0000000087000000, 0x000000008c180000, 0x00000000d7b00000)
  object space 83456K, 0% used [0x0000000087000000,0x00000000870ac000,0x000000008c180000)
 Metaspace       used 17234K, capacity 18156K, committed 18176K, reserved 1064960K
  class space    used 2587K, capacity 2814K, committed 2816K, reserved 1048576K
}
Event: 2.139 GC heap before
{Heap before GC invocations=6 (full 0):
 PSYoungGen      total 130048K, used 20555K [0x00000000d7b00000, 0x00000000e7b00000, 0x0000000100000000)
  eden space 124928K, 12% used [0x00000000d7b00000,0x00000000d8a14c58,0x00000000df500000)
  from space 5120K, 99% used [0x00000000df500000,0x00000000df9fe248,0x00000000dfa00000)
  to   space 6144K, 0% used [0x00000000e7500000,0x00000000e7500000,0x00000000e7b00000)
 ParOldGen       total 83456K, used 688K [0x0000000087000000, 0x000000008c180000, 0x00000000d7b00000)
  object space 83456K, 0% used [0x0000000087000000,0x00000000870ac000,0x000000008c180000)
 Metaspace       used 19984K, capacity 21082K, committed 21248K, reserved 1067008K
  class space    used 2933K, capacity 3203K, committed 3328K, reserved 1048576K
Event: 2.154 GC heap after
Heap after GC invocations=6 (full 0):
 PSYoungGen      total 254464K, used 6137K [0x00000000d7b00000, 0x00000000e7e00000, 0x0000000100000000)
  eden space 248320K, 0% used [0x00000000d7b00000,0x00000000d7b00000,0x00000000e6d80000)
  from space 6144K, 99% used [0x00000000e7500000,0x00000000e7afe4a8,0x00000000e7b00000)
  to   space 7680K, 0% used [0x00000000e6d80000,0x00000000e6d80000,0x00000000e7500000)
 ParOldGen       total 83456K, used 2641K [0x0000000087000000, 0x000000008c180000, 0x00000000d7b00000)
  object space 83456K, 3% used [0x0000000087000000,0x0000000087294630,0x000000008c180000)
 Metaspace       used 19984K, capacity 21082K, committed 21248K, reserved 1067008K
  class space    used 2933K, capacity 3203K, committed 3328K, reserved 1048576K
}
Event: 2.154 GC heap before
{Heap before GC invocations=7 (full 1):
 PSYoungGen      total 254464K, used 6137K [0x00000000d7b00000, 0x00000000e7e00000, 0x0000000100000000)
  eden space 248320K, 0% used [0x00000000d7b00000,0x00000000d7b00000,0x00000000e6d80000)
  from space 6144K, 99% used [0x00000000e7500000,0x00000000e7afe4a8,0x00000000e7b00000)
  to   space 7680K, 0% used [0x00000000e6d80000,0x00000000e6d80000,0x00000000e7500000)
 ParOldGen       total 83456K, used 2641K [0x0000000087000000, 0x000000008c180000, 0x00000000d7b00000)
  object space 83456K, 3% used [0x0000000087000000,0x0000000087294630,0x000000008c180000)
 Metaspace       used 19984K, capacity 21082K, committed 21248K, reserved 1067008K
  class space    used 2933K, capacity 3203K, committed 3328K, reserved 1048576K
Event: 2.199 GC heap after
Heap after GC invocations=7 (full 1):
 PSYoungGen      total 254464K, used 0K [0x00000000d7b00000, 0x00000000e7e00000, 0x0000000100000000)
  eden space 248320K, 0% used [0x00000000d7b00000,0x00000000d7b00000,0x00000000e6d80000)
  from space 6144K, 0% used [0x00000000e7500000,0x00000000e7500000,0x00000000e7b00000)
  to   space 7680K, 0% used [0x00000000e6d80000,0x00000000e6d80000,0x00000000e7500000)
 ParOldGen       total 48128K, used 8621K [0x0000000087000000, 0x0000000089f00000, 0x00000000d7b00000)
  object space 48128K, 17% used [0x0000000087000000,0x000000008786b430,0x0000000089f00000)
 Metaspace       used 19984K, capacity 21082K, committed 21248K, reserved 1067008K
  class space    used 2933K, capacity 3203K, committed 3328K, reserved 1048576K
}

